2022-06-30 15:39:27,340 : INFO : log : Showing data information
2022-06-30 15:39:27,340 : INFO : log : Showing data information
2022-06-30 15:41:05,500 : INFO : log : Colums with missing values: ['Unnamed: 32']
2022-06-30 15:41:05,500 : INFO : log : Colums with missing values: ['Unnamed: 32']
2022-06-30 15:43:42,842 : INFO : log : Showing missing percentage
2022-06-30 15:43:42,842 : INFO : log : Showing missing percentage
2022-06-30 16:02:21,585 : INFO : log : Colums with missing values: []
2022-06-30 16:02:21,585 : INFO : log : Colums with missing values: []
2022-06-30 16:22:31,200 : INFO : log : Showing datatypes
2022-06-30 16:22:31,200 : INFO : log : Showing datatypes
2022-06-30 16:37:33,607 : INFO : log : Plot a box plot.
2022-06-30 16:37:33,607 : INFO : log : Plot a box plot.
2022-06-30 16:38:07,202 : INFO : log : Plot a box plot.
2022-06-30 16:38:07,202 : INFO : log : Plot a box plot.
2022-06-30 16:38:49,674 : INFO : log : Plot a box plot.
2022-06-30 16:38:49,674 : INFO : log : Plot a box plot.
2022-06-30 16:39:03,573 : INFO : log : Plot a box plot.
2022-06-30 16:39:03,573 : INFO : log : Plot a box plot.
2022-06-30 18:31:06,790 : INFO : log : Showing data information
2022-06-30 18:31:06,790 : INFO : log : Showing data information
2022-06-30 18:31:06,790 : INFO : log : Showing data information
2022-06-30 18:31:11,385 : INFO : log : Colums with missing values: ['Unnamed: 32']
2022-06-30 18:31:11,385 : INFO : log : Colums with missing values: ['Unnamed: 32']
2022-06-30 18:31:11,385 : INFO : log : Colums with missing values: ['Unnamed: 32']
2022-06-30 18:31:12,183 : INFO : log : Showing missing percentage
2022-06-30 18:31:12,183 : INFO : log : Showing missing percentage
2022-06-30 18:31:12,183 : INFO : log : Showing missing percentage
2022-06-30 21:13:03,983 : INFO : log : Showing data description
2022-06-30 21:13:03,983 : INFO : log : Showing data description
2022-06-30 21:13:03,983 : INFO : log : Showing data description
2022-06-30 21:14:10,273 : INFO : log : Showing data information
2022-06-30 21:14:10,273 : INFO : log : Showing data information
2022-06-30 21:14:21,443 : INFO : log : Colums with missing values: ['Unnamed: 32']
2022-06-30 21:14:21,443 : INFO : log : Colums with missing values: ['Unnamed: 32']
2022-06-30 21:14:36,051 : INFO : log : Showing missing percentage
2022-06-30 21:14:36,051 : INFO : log : Showing missing percentage
2022-06-30 21:14:47,000 : INFO : log : Colums with missing values: []
2022-06-30 21:14:47,000 : INFO : log : Colums with missing values: []
2022-06-30 21:14:49,049 : INFO : log : Showing datatypes
2022-06-30 21:14:49,049 : INFO : log : Showing datatypes
2022-06-30 21:14:52,206 : INFO : log : Showing data description
2022-06-30 21:14:52,206 : INFO : log : Showing data description
2022-06-30 21:15:47,616 : INFO : log : Showing data description
2022-06-30 21:15:47,616 : INFO : log : Showing data description
2022-06-30 21:17:07,865 : INFO : log : Dropped duplicates: Int64Index([], dtype='int64')
2022-06-30 21:17:07,865 : INFO : log : Dropped duplicates: Int64Index([], dtype='int64')
2022-06-30 21:18:24,390 : INFO : log : Showing correlation
2022-06-30 21:18:24,390 : INFO : log : Showing correlation
2022-06-30 21:39:30,817 : INFO : log : Plot a count plot.
2022-06-30 21:39:30,817 : INFO : log : Plot a count plot.
2022-06-30 21:58:47,182 : INFO : log : Plot a count plot.
2022-06-30 21:58:47,182 : INFO : log : Plot a count plot.
2022-06-30 23:44:44,768 : INFO : log : Showing data information
2022-06-30 23:44:44,768 : INFO : log : Showing data information
2022-06-30 23:44:49,095 : INFO : log : Colums with missing values: ['Unnamed: 32']
2022-06-30 23:44:49,095 : INFO : log : Colums with missing values: ['Unnamed: 32']
2022-06-30 23:44:49,740 : INFO : log : Showing missing percentage
2022-06-30 23:44:49,740 : INFO : log : Showing missing percentage
2022-06-30 23:45:11,203 : INFO : log : Colums with missing values: []
2022-06-30 23:45:11,203 : INFO : log : Colums with missing values: []
2022-06-30 23:45:12,743 : INFO : log : Showing datatypes
2022-06-30 23:45:12,743 : INFO : log : Showing datatypes
2022-06-30 23:45:15,742 : INFO : log : Showing data description
2022-06-30 23:45:15,742 : INFO : log : Showing data description
2022-06-30 23:45:17,416 : INFO : log : Dropped duplicates: Int64Index([], dtype='int64')
2022-06-30 23:45:17,416 : INFO : log : Dropped duplicates: Int64Index([], dtype='int64')
2022-06-30 23:45:29,954 : INFO : log : Plot a count plot.
2022-06-30 23:45:29,954 : INFO : log : Plot a count plot.
2022-06-30 23:50:19,751 : INFO : log : Plot a histogram.
2022-06-30 23:50:19,751 : INFO : log : Plot a histogram.
2022-06-30 23:52:02,994 : INFO : log : Plot a histogram.
2022-06-30 23:52:02,994 : INFO : log : Plot a histogram.
2022-06-30 23:52:12,445 : INFO : log : Plot a histogram.
2022-06-30 23:52:12,445 : INFO : log : Plot a histogram.
2022-06-30 23:52:16,997 : INFO : log : Plot a histogram.
2022-06-30 23:52:16,997 : INFO : log : Plot a histogram.
2022-07-01 04:14:39,039 : INFO : log : Outlier for radius_mean is fixed
2022-07-01 04:14:39,039 : INFO : log : Outlier for radius_mean is fixed
2022-07-01 04:14:39,096 : INFO : log : Outlier for texture_mean is fixed
2022-07-01 04:14:39,096 : INFO : log : Outlier for texture_mean is fixed
2022-07-01 04:14:39,101 : INFO : log : Outlier for perimeter_mean is fixed
2022-07-01 04:14:39,101 : INFO : log : Outlier for perimeter_mean is fixed
2022-07-01 04:14:39,106 : INFO : log : Outlier for area_mean is fixed
2022-07-01 04:14:39,106 : INFO : log : Outlier for area_mean is fixed
2022-07-01 04:14:39,111 : INFO : log : Outlier for smoothness_mean is fixed
2022-07-01 04:14:39,111 : INFO : log : Outlier for smoothness_mean is fixed
2022-07-01 04:14:39,115 : INFO : log : Outlier for compactness_mean is fixed
2022-07-01 04:14:39,115 : INFO : log : Outlier for compactness_mean is fixed
2022-07-01 04:14:39,120 : INFO : log : Outlier for concavity_mean is fixed
2022-07-01 04:14:39,120 : INFO : log : Outlier for concavity_mean is fixed
2022-07-01 04:14:39,124 : INFO : log : Outlier for concave points_mean is fixed
2022-07-01 04:14:39,124 : INFO : log : Outlier for concave points_mean is fixed
2022-07-01 04:14:39,128 : INFO : log : Outlier for symmetry_mean is fixed
2022-07-01 04:14:39,128 : INFO : log : Outlier for symmetry_mean is fixed
2022-07-01 04:14:39,133 : INFO : log : Outlier for fractal_dimension_mean is fixed
2022-07-01 04:14:39,133 : INFO : log : Outlier for fractal_dimension_mean is fixed
2022-07-01 04:14:39,137 : INFO : log : Outlier for radius_se is fixed
2022-07-01 04:14:39,137 : INFO : log : Outlier for radius_se is fixed
2022-07-01 04:14:39,141 : INFO : log : Outlier for texture_se is fixed
2022-07-01 04:14:39,141 : INFO : log : Outlier for texture_se is fixed
2022-07-01 04:14:39,146 : INFO : log : Outlier for perimeter_se is fixed
2022-07-01 04:14:39,146 : INFO : log : Outlier for perimeter_se is fixed
2022-07-01 04:14:39,150 : INFO : log : Outlier for area_se is fixed
2022-07-01 04:14:39,150 : INFO : log : Outlier for area_se is fixed
2022-07-01 04:14:39,154 : INFO : log : Outlier for smoothness_se is fixed
2022-07-01 04:14:39,154 : INFO : log : Outlier for smoothness_se is fixed
2022-07-01 04:14:39,158 : INFO : log : Outlier for compactness_se is fixed
2022-07-01 04:14:39,158 : INFO : log : Outlier for compactness_se is fixed
2022-07-01 04:14:39,163 : INFO : log : Outlier for concavity_se is fixed
2022-07-01 04:14:39,163 : INFO : log : Outlier for concavity_se is fixed
2022-07-01 04:14:39,167 : INFO : log : Outlier for concave points_se is fixed
2022-07-01 04:14:39,167 : INFO : log : Outlier for concave points_se is fixed
2022-07-01 04:14:39,171 : INFO : log : Outlier for symmetry_se is fixed
2022-07-01 04:14:39,171 : INFO : log : Outlier for symmetry_se is fixed
2022-07-01 04:14:39,176 : INFO : log : Outlier for fractal_dimension_se is fixed
2022-07-01 04:14:39,176 : INFO : log : Outlier for fractal_dimension_se is fixed
2022-07-01 04:14:39,180 : INFO : log : Outlier for radius_worst is fixed
2022-07-01 04:14:39,180 : INFO : log : Outlier for radius_worst is fixed
2022-07-01 04:14:39,184 : INFO : log : Outlier for texture_worst is fixed
2022-07-01 04:14:39,184 : INFO : log : Outlier for texture_worst is fixed
2022-07-01 04:14:39,189 : INFO : log : Outlier for perimeter_worst is fixed
2022-07-01 04:14:39,189 : INFO : log : Outlier for perimeter_worst is fixed
2022-07-01 04:14:39,193 : INFO : log : Outlier for area_worst is fixed
2022-07-01 04:14:39,193 : INFO : log : Outlier for area_worst is fixed
2022-07-01 04:14:39,197 : INFO : log : Outlier for smoothness_worst is fixed
2022-07-01 04:14:39,197 : INFO : log : Outlier for smoothness_worst is fixed
2022-07-01 04:14:39,202 : INFO : log : Outlier for compactness_worst is fixed
2022-07-01 04:14:39,202 : INFO : log : Outlier for compactness_worst is fixed
2022-07-01 04:14:39,206 : INFO : log : Outlier for concavity_worst is fixed
2022-07-01 04:14:39,206 : INFO : log : Outlier for concavity_worst is fixed
2022-07-01 04:14:39,210 : INFO : log : Outlier for concave points_worst is fixed
2022-07-01 04:14:39,210 : INFO : log : Outlier for concave points_worst is fixed
2022-07-01 04:14:39,215 : INFO : log : Outlier for symmetry_worst is fixed
2022-07-01 04:14:39,215 : INFO : log : Outlier for symmetry_worst is fixed
2022-07-01 04:14:39,219 : INFO : log : Outlier for fractal_dimension_worst is fixed
2022-07-01 04:14:39,219 : INFO : log : Outlier for fractal_dimension_worst is fixed
2022-07-01 04:14:47,669 : INFO : log : Outlier for radius_mean is fixed
2022-07-01 04:14:47,669 : INFO : log : Outlier for radius_mean is fixed
2022-07-01 04:14:47,675 : INFO : log : Outlier for texture_mean is fixed
2022-07-01 04:14:47,675 : INFO : log : Outlier for texture_mean is fixed
2022-07-01 04:14:47,683 : INFO : log : Outlier for perimeter_mean is fixed
2022-07-01 04:14:47,683 : INFO : log : Outlier for perimeter_mean is fixed
2022-07-01 04:14:47,689 : INFO : log : Outlier for area_mean is fixed
2022-07-01 04:14:47,689 : INFO : log : Outlier for area_mean is fixed
2022-07-01 04:14:47,694 : INFO : log : Outlier for smoothness_mean is fixed
2022-07-01 04:14:47,694 : INFO : log : Outlier for smoothness_mean is fixed
2022-07-01 04:14:47,698 : INFO : log : Outlier for compactness_mean is fixed
2022-07-01 04:14:47,698 : INFO : log : Outlier for compactness_mean is fixed
2022-07-01 04:14:47,703 : INFO : log : Outlier for concavity_mean is fixed
2022-07-01 04:14:47,703 : INFO : log : Outlier for concavity_mean is fixed
2022-07-01 04:14:47,708 : INFO : log : Outlier for concave points_mean is fixed
2022-07-01 04:14:47,708 : INFO : log : Outlier for concave points_mean is fixed
2022-07-01 04:14:47,713 : INFO : log : Outlier for symmetry_mean is fixed
2022-07-01 04:14:47,713 : INFO : log : Outlier for symmetry_mean is fixed
2022-07-01 04:14:47,717 : INFO : log : Outlier for fractal_dimension_mean is fixed
2022-07-01 04:14:47,717 : INFO : log : Outlier for fractal_dimension_mean is fixed
2022-07-01 04:14:47,722 : INFO : log : Outlier for radius_se is fixed
2022-07-01 04:14:47,722 : INFO : log : Outlier for radius_se is fixed
2022-07-01 04:14:47,727 : INFO : log : Outlier for texture_se is fixed
2022-07-01 04:14:47,727 : INFO : log : Outlier for texture_se is fixed
2022-07-01 04:14:47,731 : INFO : log : Outlier for perimeter_se is fixed
2022-07-01 04:14:47,731 : INFO : log : Outlier for perimeter_se is fixed
2022-07-01 04:14:47,736 : INFO : log : Outlier for area_se is fixed
2022-07-01 04:14:47,736 : INFO : log : Outlier for area_se is fixed
2022-07-01 04:14:47,740 : INFO : log : Outlier for smoothness_se is fixed
2022-07-01 04:14:47,740 : INFO : log : Outlier for smoothness_se is fixed
2022-07-01 04:14:47,745 : INFO : log : Outlier for compactness_se is fixed
2022-07-01 04:14:47,745 : INFO : log : Outlier for compactness_se is fixed
2022-07-01 04:14:47,749 : INFO : log : Outlier for concavity_se is fixed
2022-07-01 04:14:47,749 : INFO : log : Outlier for concavity_se is fixed
2022-07-01 04:14:47,753 : INFO : log : Outlier for concave points_se is fixed
2022-07-01 04:14:47,753 : INFO : log : Outlier for concave points_se is fixed
2022-07-01 04:14:47,758 : INFO : log : Outlier for symmetry_se is fixed
2022-07-01 04:14:47,758 : INFO : log : Outlier for symmetry_se is fixed
2022-07-01 04:14:47,762 : INFO : log : Outlier for fractal_dimension_se is fixed
2022-07-01 04:14:47,762 : INFO : log : Outlier for fractal_dimension_se is fixed
2022-07-01 04:14:47,767 : INFO : log : Outlier for radius_worst is fixed
2022-07-01 04:14:47,767 : INFO : log : Outlier for radius_worst is fixed
2022-07-01 04:14:47,771 : INFO : log : Outlier for texture_worst is fixed
2022-07-01 04:14:47,771 : INFO : log : Outlier for texture_worst is fixed
2022-07-01 04:14:47,777 : INFO : log : Outlier for perimeter_worst is fixed
2022-07-01 04:14:47,777 : INFO : log : Outlier for perimeter_worst is fixed
2022-07-01 04:14:47,781 : INFO : log : Outlier for area_worst is fixed
2022-07-01 04:14:47,781 : INFO : log : Outlier for area_worst is fixed
2022-07-01 04:14:47,785 : INFO : log : Outlier for smoothness_worst is fixed
2022-07-01 04:14:47,785 : INFO : log : Outlier for smoothness_worst is fixed
2022-07-01 04:14:47,790 : INFO : log : Outlier for compactness_worst is fixed
2022-07-01 04:14:47,790 : INFO : log : Outlier for compactness_worst is fixed
2022-07-01 04:14:47,794 : INFO : log : Outlier for concavity_worst is fixed
2022-07-01 04:14:47,794 : INFO : log : Outlier for concavity_worst is fixed
2022-07-01 04:14:47,799 : INFO : log : Outlier for concave points_worst is fixed
2022-07-01 04:14:47,799 : INFO : log : Outlier for concave points_worst is fixed
2022-07-01 04:14:47,804 : INFO : log : Outlier for symmetry_worst is fixed
2022-07-01 04:14:47,804 : INFO : log : Outlier for symmetry_worst is fixed
2022-07-01 04:14:47,809 : INFO : log : Outlier for fractal_dimension_worst is fixed
2022-07-01 04:14:47,809 : INFO : log : Outlier for fractal_dimension_worst is fixed
2022-07-01 04:20:56,791 : INFO : log : Outlier for radius_mean is fixed
2022-07-01 04:20:56,791 : INFO : log : Outlier for radius_mean is fixed
2022-07-01 04:20:56,798 : INFO : log : Outlier for texture_mean is fixed
2022-07-01 04:20:56,798 : INFO : log : Outlier for texture_mean is fixed
2022-07-01 04:20:56,803 : INFO : log : Outlier for perimeter_mean is fixed
2022-07-01 04:20:56,803 : INFO : log : Outlier for perimeter_mean is fixed
2022-07-01 04:20:56,808 : INFO : log : Outlier for area_mean is fixed
2022-07-01 04:20:56,808 : INFO : log : Outlier for area_mean is fixed
2022-07-01 04:20:56,813 : INFO : log : Outlier for smoothness_mean is fixed
2022-07-01 04:20:56,813 : INFO : log : Outlier for smoothness_mean is fixed
2022-07-01 04:20:56,833 : INFO : log : Outlier for compactness_mean is fixed
2022-07-01 04:20:56,833 : INFO : log : Outlier for compactness_mean is fixed
2022-07-01 04:20:56,838 : INFO : log : Outlier for concavity_mean is fixed
2022-07-01 04:20:56,838 : INFO : log : Outlier for concavity_mean is fixed
2022-07-01 04:20:56,842 : INFO : log : Outlier for concave points_mean is fixed
2022-07-01 04:20:56,842 : INFO : log : Outlier for concave points_mean is fixed
2022-07-01 04:20:56,847 : INFO : log : Outlier for symmetry_mean is fixed
2022-07-01 04:20:56,847 : INFO : log : Outlier for symmetry_mean is fixed
2022-07-01 04:20:56,864 : INFO : log : Outlier for fractal_dimension_mean is fixed
2022-07-01 04:20:56,864 : INFO : log : Outlier for fractal_dimension_mean is fixed
2022-07-01 04:20:56,868 : INFO : log : Outlier for radius_se is fixed
2022-07-01 04:20:56,868 : INFO : log : Outlier for radius_se is fixed
2022-07-01 04:20:56,873 : INFO : log : Outlier for texture_se is fixed
2022-07-01 04:20:56,873 : INFO : log : Outlier for texture_se is fixed
2022-07-01 04:20:56,877 : INFO : log : Outlier for perimeter_se is fixed
2022-07-01 04:20:56,877 : INFO : log : Outlier for perimeter_se is fixed
2022-07-01 04:20:56,882 : INFO : log : Outlier for area_se is fixed
2022-07-01 04:20:56,882 : INFO : log : Outlier for area_se is fixed
2022-07-01 04:20:56,887 : INFO : log : Outlier for smoothness_se is fixed
2022-07-01 04:20:56,887 : INFO : log : Outlier for smoothness_se is fixed
2022-07-01 04:20:56,892 : INFO : log : Outlier for compactness_se is fixed
2022-07-01 04:20:56,892 : INFO : log : Outlier for compactness_se is fixed
2022-07-01 04:20:56,896 : INFO : log : Outlier for concavity_se is fixed
2022-07-01 04:20:56,896 : INFO : log : Outlier for concavity_se is fixed
2022-07-01 04:20:56,901 : INFO : log : Outlier for concave points_se is fixed
2022-07-01 04:20:56,901 : INFO : log : Outlier for concave points_se is fixed
2022-07-01 04:20:56,906 : INFO : log : Outlier for symmetry_se is fixed
2022-07-01 04:20:56,906 : INFO : log : Outlier for symmetry_se is fixed
2022-07-01 04:20:56,910 : INFO : log : Outlier for fractal_dimension_se is fixed
2022-07-01 04:20:56,910 : INFO : log : Outlier for fractal_dimension_se is fixed
2022-07-01 04:20:56,916 : INFO : log : Outlier for radius_worst is fixed
2022-07-01 04:20:56,916 : INFO : log : Outlier for radius_worst is fixed
2022-07-01 04:20:56,920 : INFO : log : Outlier for texture_worst is fixed
2022-07-01 04:20:56,920 : INFO : log : Outlier for texture_worst is fixed
2022-07-01 04:20:56,925 : INFO : log : Outlier for perimeter_worst is fixed
2022-07-01 04:20:56,925 : INFO : log : Outlier for perimeter_worst is fixed
2022-07-01 04:20:56,929 : INFO : log : Outlier for area_worst is fixed
2022-07-01 04:20:56,929 : INFO : log : Outlier for area_worst is fixed
2022-07-01 04:20:56,934 : INFO : log : Outlier for smoothness_worst is fixed
2022-07-01 04:20:56,934 : INFO : log : Outlier for smoothness_worst is fixed
2022-07-01 04:20:56,939 : INFO : log : Outlier for compactness_worst is fixed
2022-07-01 04:20:56,939 : INFO : log : Outlier for compactness_worst is fixed
2022-07-01 04:20:56,943 : INFO : log : Outlier for concavity_worst is fixed
2022-07-01 04:20:56,943 : INFO : log : Outlier for concavity_worst is fixed
2022-07-01 04:20:56,948 : INFO : log : Outlier for concave points_worst is fixed
2022-07-01 04:20:56,948 : INFO : log : Outlier for concave points_worst is fixed
2022-07-01 04:20:57,097 : INFO : log : Outlier for symmetry_worst is fixed
2022-07-01 04:20:57,097 : INFO : log : Outlier for symmetry_worst is fixed
2022-07-01 04:20:57,105 : INFO : log : Outlier for fractal_dimension_worst is fixed
2022-07-01 04:20:57,105 : INFO : log : Outlier for fractal_dimension_worst is fixed
2022-07-01 04:27:36,834 : INFO : log : Outlier for radius_mean is fixed
2022-07-01 04:27:36,834 : INFO : log : Outlier for radius_mean is fixed
2022-07-01 04:27:36,840 : INFO : log : Outlier for texture_mean is fixed
2022-07-01 04:27:36,840 : INFO : log : Outlier for texture_mean is fixed
2022-07-01 04:27:36,845 : INFO : log : Outlier for perimeter_mean is fixed
2022-07-01 04:27:36,845 : INFO : log : Outlier for perimeter_mean is fixed
2022-07-01 04:27:36,850 : INFO : log : Outlier for area_mean is fixed
2022-07-01 04:27:36,850 : INFO : log : Outlier for area_mean is fixed
2022-07-01 04:27:36,855 : INFO : log : Outlier for smoothness_mean is fixed
2022-07-01 04:27:36,855 : INFO : log : Outlier for smoothness_mean is fixed
2022-07-01 04:27:36,863 : INFO : log : Outlier for compactness_mean is fixed
2022-07-01 04:27:36,863 : INFO : log : Outlier for compactness_mean is fixed
2022-07-01 04:27:36,873 : INFO : log : Outlier for concavity_mean is fixed
2022-07-01 04:27:36,873 : INFO : log : Outlier for concavity_mean is fixed
2022-07-01 04:27:36,880 : INFO : log : Outlier for concave points_mean is fixed
2022-07-01 04:27:36,880 : INFO : log : Outlier for concave points_mean is fixed
2022-07-01 04:27:36,933 : INFO : log : Outlier for symmetry_mean is fixed
2022-07-01 04:27:36,933 : INFO : log : Outlier for symmetry_mean is fixed
2022-07-01 04:27:36,938 : INFO : log : Outlier for fractal_dimension_mean is fixed
2022-07-01 04:27:36,938 : INFO : log : Outlier for fractal_dimension_mean is fixed
2022-07-01 04:27:36,943 : INFO : log : Outlier for radius_se is fixed
2022-07-01 04:27:36,943 : INFO : log : Outlier for radius_se is fixed
2022-07-01 04:27:36,947 : INFO : log : Outlier for texture_se is fixed
2022-07-01 04:27:36,947 : INFO : log : Outlier for texture_se is fixed
2022-07-01 04:27:36,952 : INFO : log : Outlier for perimeter_se is fixed
2022-07-01 04:27:36,952 : INFO : log : Outlier for perimeter_se is fixed
2022-07-01 04:27:36,956 : INFO : log : Outlier for area_se is fixed
2022-07-01 04:27:36,956 : INFO : log : Outlier for area_se is fixed
2022-07-01 04:27:36,960 : INFO : log : Outlier for smoothness_se is fixed
2022-07-01 04:27:36,960 : INFO : log : Outlier for smoothness_se is fixed
2022-07-01 04:27:36,965 : INFO : log : Outlier for compactness_se is fixed
2022-07-01 04:27:36,965 : INFO : log : Outlier for compactness_se is fixed
2022-07-01 04:27:36,970 : INFO : log : Outlier for concavity_se is fixed
2022-07-01 04:27:36,970 : INFO : log : Outlier for concavity_se is fixed
2022-07-01 04:27:36,974 : INFO : log : Outlier for concave points_se is fixed
2022-07-01 04:27:36,974 : INFO : log : Outlier for concave points_se is fixed
2022-07-01 04:27:36,979 : INFO : log : Outlier for symmetry_se is fixed
2022-07-01 04:27:36,979 : INFO : log : Outlier for symmetry_se is fixed
2022-07-01 04:27:36,984 : INFO : log : Outlier for fractal_dimension_se is fixed
2022-07-01 04:27:36,984 : INFO : log : Outlier for fractal_dimension_se is fixed
2022-07-01 04:27:36,989 : INFO : log : Outlier for radius_worst is fixed
2022-07-01 04:27:36,989 : INFO : log : Outlier for radius_worst is fixed
2022-07-01 04:27:36,993 : INFO : log : Outlier for texture_worst is fixed
2022-07-01 04:27:36,993 : INFO : log : Outlier for texture_worst is fixed
2022-07-01 04:27:36,999 : INFO : log : Outlier for perimeter_worst is fixed
2022-07-01 04:27:36,999 : INFO : log : Outlier for perimeter_worst is fixed
2022-07-01 04:27:37,027 : INFO : log : Outlier for area_worst is fixed
2022-07-01 04:27:37,027 : INFO : log : Outlier for area_worst is fixed
2022-07-01 04:27:37,034 : INFO : log : Outlier for smoothness_worst is fixed
2022-07-01 04:27:37,034 : INFO : log : Outlier for smoothness_worst is fixed
2022-07-01 04:27:37,040 : INFO : log : Outlier for compactness_worst is fixed
2022-07-01 04:27:37,040 : INFO : log : Outlier for compactness_worst is fixed
2022-07-01 04:27:37,044 : INFO : log : Outlier for concavity_worst is fixed
2022-07-01 04:27:37,044 : INFO : log : Outlier for concavity_worst is fixed
2022-07-01 04:27:37,049 : INFO : log : Outlier for concave points_worst is fixed
2022-07-01 04:27:37,049 : INFO : log : Outlier for concave points_worst is fixed
2022-07-01 04:27:37,053 : INFO : log : Outlier for symmetry_worst is fixed
2022-07-01 04:27:37,053 : INFO : log : Outlier for symmetry_worst is fixed
2022-07-01 04:27:37,058 : INFO : log : Outlier for fractal_dimension_worst is fixed
2022-07-01 04:27:37,058 : INFO : log : Outlier for fractal_dimension_worst is fixed
2022-07-01 04:56:00,533 : INFO : log : Colums with missing values: ['floats']
2022-07-01 04:56:00,533 : INFO : log : Colums with missing values: ['floats']
2022-07-01 04:56:00,533 : INFO : log : Colums with missing values: ['floats']
2022-07-01 04:56:00,538 : INFO : log : Converted to numbers
2022-07-01 04:56:00,538 : INFO : log : Converted to numbers
2022-07-01 04:56:00,538 : INFO : log : Converted to numbers
2022-07-01 04:56:00,538 : INFO : log : Converted to numbers
2022-07-01 04:56:00,540 : INFO : log : Showing coloumn names
2022-07-01 04:56:00,540 : INFO : log : Showing coloumn names
2022-07-01 04:56:00,540 : INFO : log : Showing coloumn names
2022-07-01 04:56:00,540 : INFO : log : Showing coloumn names
2022-07-01 04:56:00,540 : INFO : log : Showing coloumn names
2022-07-01 04:56:00,566 : INFO : log : Dropped duplicates: Int64Index([], dtype='int64')
2022-07-01 04:56:00,566 : INFO : log : Dropped duplicates: Int64Index([], dtype='int64')
2022-07-01 04:56:00,566 : INFO : log : Dropped duplicates: Int64Index([], dtype='int64')
2022-07-01 04:56:00,566 : INFO : log : Dropped duplicates: Int64Index([], dtype='int64')
2022-07-01 04:56:00,566 : INFO : log : Dropped duplicates: Int64Index([], dtype='int64')
2022-07-01 04:56:00,566 : INFO : log : Dropped duplicates: Int64Index([], dtype='int64')
2022-07-01 04:56:00,568 : INFO : log : Showing data information
2022-07-01 04:56:00,568 : INFO : log : Showing data information
2022-07-01 04:56:00,568 : INFO : log : Showing data information
2022-07-01 04:56:00,568 : INFO : log : Showing data information
2022-07-01 04:56:00,568 : INFO : log : Showing data information
2022-07-01 04:56:00,568 : INFO : log : Showing data information
2022-07-01 04:56:00,568 : INFO : log : Showing data information
2022-07-01 04:56:00,621 : INFO : log : Showing datatypes
2022-07-01 04:56:00,621 : INFO : log : Showing datatypes
2022-07-01 04:56:00,621 : INFO : log : Showing datatypes
2022-07-01 04:56:00,621 : INFO : log : Showing datatypes
2022-07-01 04:56:00,621 : INFO : log : Showing datatypes
2022-07-01 04:56:00,621 : INFO : log : Showing datatypes
2022-07-01 04:56:00,621 : INFO : log : Showing datatypes
2022-07-01 04:56:00,621 : INFO : log : Showing datatypes
2022-07-02 15:55:30,832 : INFO : log : Showing data information
2022-07-02 15:55:30,832 : INFO : log : Showing data information
2022-07-02 16:00:30,918 : INFO : log : Colums with missing values: ['Unnamed: 32']
2022-07-02 16:00:30,918 : INFO : log : Colums with missing values: ['Unnamed: 32']
2022-07-02 16:00:43,771 : INFO : log : Showing missing percentage
2022-07-02 16:00:43,771 : INFO : log : Showing missing percentage
2022-07-02 16:03:29,466 : INFO : log : Colums with missing values: []
2022-07-02 16:03:29,466 : INFO : log : Colums with missing values: []
2022-07-02 16:03:43,036 : INFO : log : Colums with missing values: []
2022-07-02 16:03:43,036 : INFO : log : Colums with missing values: []
2022-07-02 16:16:15,946 : INFO : log : Dropped duplicates: Int64Index([], dtype='int64')
2022-07-02 16:16:15,946 : INFO : log : Dropped duplicates: Int64Index([], dtype='int64')
